   WARNING: MACS_1.4.1 from mftree not in website version
/sw/mf/common/bioinfo-tools/misc/MACS/1.4.2
   WARNING: MACS_1.4.2 from mftree not in website version
/sw/mf/common/bioinfo-tools/misc/Meerkat/0.189
/sw/mf/common/bioinfo-tools/misc/Mothur/1.30.1
WARNING: /sw/mf/common/bioinfo-tools/misc/Mothur/.Mothur is not ascii or utf-8, but text/plain; charset=iso-8859-1
   WARNING: Mothur_1.30.1 from mftree not in website version
/sw/mf/common/bioinfo-tools/misc/Mothur/1.33.3
WARNING: /sw/mf/common/bioinfo-tools/misc/Mothur/.Mothur-mpi is not ascii or utf-8, but text/plain; charset=iso-8859-1
   WARNING: Mothur_1.33.3 from mftree not in website version
/sw/mf/common/bioinfo-tools/misc/Mothur/1.25.1
WARNING: /sw/mf/common/bioinfo-tools/misc/Mothur/.Mothur is not ascii or utf-8, but text/plain; charset=iso-8859-1
   WARNING: Mothur_1.25.1 from mftree not in website version
/sw/mf/common/bioinfo-tools/misc/Mothur/.Mothur
WARNING: /sw/mf/common/bioinfo-tools/misc/Mothur/.Mothur is not ascii or utf-8, but text/plain; charset=iso-8859-1
   WARNING: Mothur_.Mothur from mftree not in website version
/sw/mf/common/bioinfo-tools/misc/Mothur/.Mothur-mpi
WARNING: /sw/mf/common/bioinfo-tools/misc/Mothur/.Mothur-mpi is not ascii or utf-8, but text/plain; charset=iso-8859-1
   WARNING: Mothur_.Mothur-mpi from mftree not in website version
/sw/mf/common/bioinfo-tools/misc/Mothur/1.36.1
   WARNING: Mothur_1.36.1 from mftree not in website version
/sw/mf/common/bioinfo-tools/misc/Mothur/1.38.1
   WARNING: Mothur_1.38.1 from mftree not in website version
/sw/mf/common/bioinfo-tools/misc/MultiQC/0.3.1
   WARNING: MultiQC_0.3.1 from mftree not in website version
/sw/mf/common/bioinfo-tools/misc/MultiQC/0.3.1-py3
   WARNING: MultiQC_0.3.1-py3 from mftree not in website version
/sw/mf/common/bioinfo-tools/misc/MultiQC/0.4
   WARNING: MultiQC_0.4 from mftree not in website version
/sw/mf/common/bioinfo-tools/misc/MultiQC/.multiqc
   WARNING: MultiQC_.multiqc from mftree not in website version
/sw/mf/common/bioinfo-tools/misc/MultiQC/.multiqc-py3
   WARNING: MultiQC_.multiqc-py3 from mftree not in website version
/sw/mf/common/bioinfo-tools/misc/MultiQC/0.5
   WARNING: MultiQC_0.5 from mftree not in website version
/sw/mf/common/bioinfo-tools/misc/OpenMS/2.0.0
/sw/mf/common/bioinfo-tools/misc/OpenMS/.openms
   WARNING: OpenMS_.openms from mftree not in website version
/sw/mf/common/bioinfo-tools/misc/PennCNV/20151014
/sw/mf/common/bioinfo-tools/misc/PileOMeth/0.1.13
/sw/mf/common/bioinfo-tools/misc/PileOMeth/.pileometh
   WARNING: PileOMeth_.pileometh from mftree not in website version
/sw/mf/common/bioinfo-tools/misc/QuantiSNP/2.2
/sw/mf/common/bioinfo-tools/misc/RNA-SeQC/.rnaseqc
   WARNING: RNA-SeQC_.rnaseqc from mftree not in website version
/sw/mf/common/bioinfo-tools/misc/RepeatExplorer/0.9.7.6
   WARNING: RepeatExplorer_0.9.7.6 from mftree not in website version
/sw/mf/common/bioinfo-tools/misc/RepeatExplorer/.RepeatExplorer
   WARNING: RepeatExplorer_.RepeatExplorer from mftree not in website version
/sw/mf/common/bioinfo-tools/misc/Roary/3.4.3
   WARNING: Roary_3.4.3 from mftree not in website version
/sw/mf/common/bioinfo-tools/misc/Roary/3.5.5
   WARNING: Roary_3.5.5 from mftree not in website version
/sw/mf/common/bioinfo-tools/misc/SBT/0.1
/sw/mf/common/bioinfo-tools/misc/SBT/0.3
/sw/mf/common/bioinfo-tools/misc/SBT/.sbt
   WARNING: SBT_.sbt from mftree not in website version
/sw/mf/common/bioinfo-tools/misc/SCORE-Seq/5.3
/sw/mf/common/bioinfo-tools/misc/SPP/.SPP
   WARNING: SPP_.SPP from mftree not in website version
/sw/mf/common/bioinfo-tools/misc/SPP/1.11-irma
   WARNING: SPP_1.11-irma from mftree not in website version
/sw/mf/common/bioinfo-tools/misc/SVDetect/0.8b
/sw/mf/common/bioinfo-tools/misc/SVMerge/1.2r37
/sw/mf/common/bioinfo-tools/misc/Sailfish/0.8.0
/sw/mf/common/bioinfo-tools/misc/Salmon/0.6.0
   WARNING: Salmon_0.6.0 from mftree not in website version
/sw/mf/common/bioinfo-tools/misc/ShortStack/3.4
   WARNING: ShortStack_3.4 from mftree not in website version
/sw/mf/common/bioinfo-tools/misc/SomaticSeq/1.2.1
/sw/mf/common/bioinfo-tools/misc/SomaticSeq/.somaticseq
   WARNING: SomaticSeq_.somaticseq from mftree not in website version
/sw/mf/common/bioinfo-tools/misc/SomaticSeq/.somaticseq~
   WARNING: SomaticSeq_.somaticseq~ from mftree not in website version
/sw/mf/common/bioinfo-tools/misc/Stacks/1.19
WARNING: /sw/mf/common/bioinfo-tools/misc/Stacks/1.12 is not ascii or utf-8, but text/plain; charset=iso-8859-1
   WARNING: Stacks_1.19 from mftree not in website version
/sw/mf/common/bioinfo-tools/misc/Stacks/1.21
WARNING: /sw/mf/common/bioinfo-tools/misc/Stacks/1.12 is not ascii or utf-8, but text/plain; charset=iso-8859-1
   WARNING: Stacks_1.21 from mftree not in website version
/sw/mf/common/bioinfo-tools/misc/Stacks/1.22
WARNING: /sw/mf/common/bioinfo-tools/misc/Stacks/1.12 is not ascii or utf-8, but text/plain; charset=iso-8859-1
   WARNING: Stacks_1.22 from mftree not in website version
/sw/mf/common/bioinfo-tools/misc/Stacks/1.24
WARNING: /sw/mf/common/bioinfo-tools/misc/Stacks/1.12 is not ascii or utf-8, but text/plain; charset=iso-8859-1
   WARNING: Stacks_1.24 from mftree not in website version
/sw/mf/common/bioinfo-tools/misc/Stacks/1.29
WARNING: /sw/mf/common/bioinfo-tools/misc/Stacks/1.12 is not ascii or utf-8, but text/plain; charset=iso-8859-1
   WARNING: Stacks_1.29 from mftree not in website version
/sw/mf/common/bioinfo-tools/misc/Stacks/1.35
WARNING: /sw/mf/common/bioinfo-tools/misc/Stacks/1.34 is not ascii or utf-8, but text/plain; charset=iso-8859-1
   WARNING: Stacks_1.35 from mftree not in website version
/sw/mf/common/bioinfo-tools/misc/Stacks/1.12
WARNING: /sw/mf/common/bioinfo-tools/misc/Stacks/1.12 is not ascii or utf-8, but text/plain; charset=iso-8859-1
   WARNING: Stacks_1.12 from mftree not in website version
/sw/mf/common/bioinfo-tools/misc/Stacks/1.34
WARNING: /sw/mf/common/bioinfo-tools/misc/Stacks/1.34 is not ascii or utf-8, but text/plain; charset=iso-8859-1
   WARNING: Stacks_1.34 from mftree not in website version
/sw/mf/common/bioinfo-tools/misc/Stacks/1.40
   WARNING: Stacks_1.40 from mftree not in website version
/sw/mf/common/bioinfo-tools/misc/TrimGalore/0.3.7
   WARNING: TrimGalore_0.3.7 from mftree not in website version
/sw/mf/common/bioinfo-tools/misc/TrimGalore/0.3.3
   WARNING: TrimGalore_0.3.3 from mftree not in website version
/sw/mf/common/bioinfo-tools/misc/alleleCount/.allele
   WARNING: alleleCount_.allele from mftree not in website version
/sw/mf/common/bioinfo-tools/misc/biopython/1.56
   WARNING: biopython_1.56 from mftree not in website version
/sw/mf/common/bioinfo-tools/misc/biopython/1.59
   WARNING: biopython_1.59 from mftree not in website version
/sw/mf/common/bioinfo-tools/misc/biopython/1.64
   WARNING: biopython_1.64 from mftree not in website version
/sw/mf/common/bioinfo-tools/misc/biopython/1.64-py3
   WARNING: biopython_1.64-py3 from mftree not in website version
/sw/mf/common/bioinfo-tools/misc/biopython/1.65
   WARNING: biopython_1.65 from mftree not in website version
/sw/mf/common/bioinfo-tools/misc/biopython/1.65-py3
   WARNING: biopython_1.65-py3 from mftree not in website version
/sw/mf/common/bioinfo-tools/misc/biopython/1.68-py3-AUTO
   WARNING: biopython_1.68-py3-AUTO from mftree not in website version
/sw/mf/common/bioinfo-tools/misc/bismark/0.12.2
   WARNING: bismark_0.12.2 from mftree not in website version
/sw/mf/common/bioinfo-tools/misc/bismark/0.12.5
   WARNING: bismark_0.12.5 from mftree not in website version
/sw/mf/common/bioinfo-tools/misc/bismark/0.13.0
   WARNING: bismark_0.13.0 from mftree not in website version
/sw/mf/common/bioinfo-tools/misc/bismark/0.14.0
   WARNING: bismark_0.14.0 from mftree not in website version
/sw/mf/common/bioinfo-tools/misc/blobtools/0.9.17
   WARNING: blobtools_0.9.17 from mftree not in website version
/sw/mf/common/bioinfo-tools/misc/breakdancer/1.4.4-u7
/sw/mf/common/bioinfo-tools/misc/breakdancer/.breakdancer
   WARNING: breakdancer_.breakdancer from mftree not in website version
/sw/mf/common/bioinfo-tools/misc/breakdancer/1.4.5
/sw/mf/common/bioinfo-tools/misc/breakdancer/.breakdancer~
   WARNING: breakdancer_.breakdancer~ from mftree not in website version
/sw/mf/common/bioinfo-tools/misc/bwa-meth/0.2.0
   WARNING: bwa-meth_0.2.0 from mftree not in website version
/sw/mf/common/bioinfo-tools/misc/bwa-meth/.bwameth
   WARNING: bwa-meth_.bwameth from mftree not in website version
/sw/mf/common/bioinfo-tools/misc/cnD/1.3
/sw/mf/common/bioinfo-tools/misc/cramtools/.cramtools
   WARNING: cramtools_.cramtools from mftree not in website version
/sw/mf/common/bioinfo-tools/misc/deepTools/1.5.11
   WARNING: deepTools_1.5.11 from mftree not in website version
/sw/mf/common/bioinfo-tools/misc/deepTools/2.0.1
   WARNING: deepTools_2.0.1 from mftree not in website version
/sw/mf/common/bioinfo-tools/misc/dice/20160707
   WARNING: dice_20160707 from mftree not in website version
/sw/mf/common/bioinfo-tools/misc/dice/20160830
   WARNING: dice_20160830 from mftree not in website version
/sw/mf/common/bioinfo-tools/misc/dice/.dice
   WARNING: dice_.dice from mftree not in website version
/sw/mf/common/bioinfo-tools/misc/ea-utils/.eautils
   WARNING: ea-utils_.eautils from mftree not in website version
/sw/mf/common/bioinfo-tools/misc/eigensoft/4.2
/sw/mf/common/bioinfo-tools/misc/eigensoft/5.0.1
/sw/mf/common/bioinfo-tools/misc/eigensoft/6.0.1
/sw/mf/common/bioinfo-tools/misc/fastq_screen/0.3.1
   WARNING: fastq_screen_0.3.1 from mftree not in website version
/sw/mf/common/bioinfo-tools/misc/fastq_screen/0.4.3
   WARNING: fastq_screen_0.4.3 from mftree not in website version
/sw/mf/common/bioinfo-tools/misc/flashpca/1.1.2.1
/sw/mf/common/bioinfo-tools/misc/flashpca/.flashpca
   WARNING: flashpca_.flashpca from mftree not in website version
/sw/mf/common/bioinfo-tools/misc/freebayes/0.9.4
/sw/mf/common/bioinfo-tools/misc/freebayes/0.8.9
/sw/mf/common/bioinfo-tools/misc/freebayes/0.9.21
/sw/mf/common/bioinfo-tools/misc/freebayes/0.9.8
/sw/mf/common/bioinfo-tools/misc/freebayes/0.9.4_2012-04-16
/sw/mf/common/bioinfo-tools/misc/gaemr/.gaemr
   WARNING: gaemr_.gaemr from mftree not in website version
/sw/mf/common/bioinfo-tools/misc/gam-ngs/1.1b
/sw/mf/common/bioinfo-tools/misc/gam-ngs/.gam-ngs
   WARNING: gam-ngs_.gam-ngs from mftree not in website version
/sw/mf/common/bioinfo-tools/misc/gcta/0.92.6
   WARNING: gcta_0.92.6 from mftree not in website version
/sw/mf/common/bioinfo-tools/misc/gcta/0.93.9
   WARNING: gcta_0.93.9 from mftree not in website version
/sw/mf/common/bioinfo-tools/misc/gcta/0.92.0
   WARNING: gcta_0.92.0 from mftree not in website version
/sw/mf/common/bioinfo-tools/misc/htseq/0.4.6
   WARNING: htseq_0.4.6 from mftree not in website version
/sw/mf/common/bioinfo-tools/misc/htseq/0.5.1
   WARNING: htseq_0.5.1 from mftree not in website version
/sw/mf/common/bioinfo-tools/misc/htseq/0.6.1
   WARNING: htseq_0.6.1 from mftree not in website version
/sw/mf/common/bioinfo-tools/misc/htseq/0.6.1-old
   WARNING: htseq_0.6.1-old from mftree not in website version
/sw/mf/common/bioinfo-tools/misc/htseq/htseq.tcl
   WARNING: htseq_htseq.tcl from mftree not in website version
/sw/mf/common/bioinfo-tools/misc/htslib/1.2.1
   WARNING: htslib_1.2.1 from mftree not in website version
/sw/mf/common/bioinfo-tools/misc/jellyfish/2.0.0
   WARNING: jellyfish_2.0.0 from mftree not in website version
/sw/mf/common/bioinfo-tools/misc/jellyfish/2.1.4
   WARNING: jellyfish_2.1.4 from mftree not in website version
/sw/mf/common/bioinfo-tools/misc/jellyfish/2.2.3-dev
   WARNING: jellyfish_2.2.3-dev from mftree not in website version
/sw/mf/common/bioinfo-tools/misc/jellyfish/2.2.4
   WARNING: jellyfish_2.2.4 from mftree not in website version
/sw/mf/common/bioinfo-tools/misc/kallisto/0.43.0
/sw/mf/common/bioinfo-tools/misc/kallisto/0.42.4
/sw/mf/common/bioinfo-tools/misc/khmer/1.4
/sw/mf/common/bioinfo-tools/misc/khmer/.khmer
   WARNING: khmer_.khmer from mftree not in website version
/sw/mf/common/bioinfo-tools/misc/khmer/2.0
/sw/mf/common/bioinfo-tools/misc/lfqc/1.1
   WARNING: lfqc_1.1 from mftree not in website version
/sw/mf/common/bioinfo-tools/misc/liftOver/.liftover
   WARNING: liftOver_.liftover from mftree not in website version
/sw/mf/common/bioinfo-tools/misc/mapDamage/there-is-a-version-file-here
WARNING: /sw/mf/common/bioinfo-tools/misc/mapDamage/there-is-a-version-file-here is not ascii or utf-8, but inode/x-empty; charset=binary
/sw/mf/common/bioinfo-tools/misc/matrix2png/1.2.1
/sw/mf/common/bioinfo-tools/misc/matrix2png/.matrix2png
/sw/mf/common/bioinfo-tools/misc/micca/1.4.0
/sw/mf/common/bioinfo-tools/misc/migrate-n/3.6.6
   WARNING: migrate-n_3.6.6 from mftree not in website version
/sw/mf/common/bioinfo-tools/misc/mimar/20101217
/sw/mf/common/bioinfo-tools/misc/mimar/.mimar
   WARNING: mimar_.mimar from mftree not in website version
/sw/mf/common/bioinfo-tools/misc/mirdeep2/2.0.0.5
/sw/mf/common/bioinfo-tools/misc/mmseq/1.0.8a
/sw/mf/common/bioinfo-tools/misc/mmseq/.mmseq
   WARNING: mmseq_.mmseq from mftree not in website version
/sw/mf/common/bioinfo-tools/misc/mrCaNaVaR/0.51
   WARNING: mrCaNaVaR_0.51 from mftree not in website version
/sw/mf/common/bioinfo-tools/misc/ngsF-HMM/20160614
   WARNING: ngsF-HMM_20160614 from mftree not in website version
/sw/mf/common/bioinfo-tools/misc/ngsF-HMM/.ngsf
   WARNING: ngsF-HMM_.ngsf from mftree not in website version
/sw/mf/common/bioinfo-tools/misc/ngsplot/2.61-irma
   WARNING: ngsplot_2.61-irma from mftree not in website version
/sw/mf/common/bioinfo-tools/misc/phantompeakqualtools/1.1-irma
   WARNING: phantompeakqualtools_1.1-irma from mftree not in website version
/sw/mf/common/bioinfo-tools/misc/poretools/0.5.1-devel
/sw/mf/common/bioinfo-tools/misc/poretools/0.5.1-devel-tintin
   WARNING: poretools_0.5.1-devel-tintin from mftree not in website version
/sw/mf/common/bioinfo-tools/misc/preseq/.preseq
   WARNING: preseq_.preseq from mftree not in website version
/sw/mf/common/bioinfo-tools/misc/prodigal/2.60
/sw/mf/common/bioinfo-tools/misc/prodigal/.prodigal
   WARNING: prodigal_.prodigal from mftree not in website version
/sw/mf/common/bioinfo-tools/misc/pysam/0.8.3-py27
   WARNING: pysam_0.8.3-py27 from mftree not in website version
/sw/mf/common/bioinfo-tools/misc/pysam/0.6
   WARNING: pysam_0.6 from mftree not in website version
/sw/mf/common/bioinfo-tools/misc/quast/2.3
/sw/mf/common/bioinfo-tools/misc/quast/2.2
/sw/mf/common/bioinfo-tools/misc/quast/3.2
/sw/mf/common/bioinfo-tools/misc/rnaQUAST/1.2.0
   WARNING: rnaQUAST_1.2.0 from mftree not in website version
/sw/mf/common/bioinfo-tools/misc/rnaQUAST/.rnaquast
   WARNING: rnaQUAST_.rnaquast from mftree not in website version
/sw/mf/common/bioinfo-tools/misc/rsem/1.2.29
   WARNING: rsem_1.2.29 from mftree not in website version
/sw/mf/common/bioinfo-tools/misc/rsem/1.2.12
   WARNING: rsem_1.2.12 from mftree not in website version
/sw/mf/common/bioinfo-tools/misc/rseqc/2.3
/sw/mf/common/bioinfo-tools/misc/rseqc/2.3.6
/sw/mf/common/bioinfo-tools/misc/rseqc/.rseqc-old
   WARNING: rseqc_.rseqc-old from mftree not in website version
/sw/mf/common/bioinfo-tools/misc/rseqc/2.4
/sw/mf/common/bioinfo-tools/misc/samtools/0.1.12-10
   WARNING: samtools_0.1.12-10 from mftree not in website version
/sw/mf/common/bioinfo-tools/misc/samtools/0.1.16
   WARNING: samtools_0.1.16 from mftree not in website version
/sw/mf/common/bioinfo-tools/misc/samtools/0.1.18
   WARNING: samtools_0.1.18 from mftree not in website version
/sw/mf/common/bioinfo-tools/misc/samtools/0.1.7a
   WARNING: samtools_0.1.7a from mftree not in website version
/sw/mf/common/bioinfo-tools/misc/samtools/0.1.8
   WARNING: samtools_0.1.8 from mftree not in website version
/sw/mf/common/bioinfo-tools/misc/samtools/0.1.9
   WARNING: samtools_0.1.9 from mftree not in website version
/sw/mf/common/bioinfo-tools/misc/samtools/1.5_debug
/sw/mf/common/bioinfo-tools/misc/samtools/.samtools
   WARNING: samtools_.samtools from mftree not in website version
/sw/mf/common/bioinfo-tools/misc/samtools/1.5d
   WARNING: samtools_1.5d from mftree not in website version
/sw/mf/common/bioinfo-tools/misc/seqMINER/1.3.3e
/sw/mf/common/bioinfo-tools/misc/seqMINER/.seqminer
   WARNING: seqMINER_.seqminer from mftree not in website version
/sw/mf/common/bioinfo-tools/misc/seqmonk/0.21.0
/sw/mf/common/bioinfo-tools/misc/seqmonk/0.27.0
/sw/mf/common/bioinfo-tools/misc/seqmonk/v0.21.0
   WARNING: seqmonk_v0.21.0 from mftree not in website version
/sw/mf/common/bioinfo-tools/misc/seqmonk/.seqmonk
   WARNING: seqmonk_.seqmonk from mftree not in website version
/sw/mf/common/bioinfo-tools/misc/seqtk/.seqtk
   WARNING: seqtk_.seqtk from mftree not in website version
/sw/mf/common/bioinfo-tools/misc/subread/1.4.5
   WARNING: subread_1.4.5 from mftree not in website version
/sw/mf/common/bioinfo-tools/misc/subread/1.4.5-p1
   WARNING: subread_1.4.5-p1 from mftree not in website version
/sw/mf/common/bioinfo-tools/misc/tabix/.tabix
   WARNING: tabix_.tabix from mftree not in website version
/sw/mf/common/bioinfo-tools/misc/trimmomatic/.trimmomatic
   WARNING: trimmomatic_.trimmomatic from mftree not in website version
/sw/mf/common/bioinfo-tools/misc/uchime/4.2
   WARNING: uchime_4.2 from mftree not in website version
/sw/mf/common/bioinfo-tools/misc/uchime/.uchime
   WARNING: uchime_.uchime from mftree not in website version
/sw/mf/common/bioinfo-tools/misc/variant_tools/2.6.3
   WARNING: variant_tools_2.6.3 from mftree not in website version
/sw/mf/common/bioinfo-tools/misc/variant_tools/.variant_tools
   WARNING: variant_tools_.variant_tools from mftree not in website version
/sw/mf/common/bioinfo-tools/misc/vcflib/2014-07-22
   WARNING: vcflib_2014-07-22 from mftree not in website version
/sw/mf/common/bioinfo-tools/misc/vcflib/2016-08-29
   WARNING: vcflib_2016-08-29 from mftree not in website version
/sw/mf/common/bioinfo-tools/misc/vep/82
/sw/mf/common/bioinfo-tools/misc/vep/84
/sw/mf/common/bioinfo-tools/misc/vep/86
/sw/mf/common/bioinfo-tools/misc/vep/.vep-82
   WARNING: vep_.vep-82 from mftree not in website version
/sw/mf/common/bioinfo-tools/misc/svprop/20171020-ebf6762
   WARNING: svprop_20171020-ebf6762 from mftree not in website version
/sw/mf/common/bioinfo-tools/misc/svprop/20171020-ebf6762~
   WARNING: svprop_20171020-ebf6762~ from mftree not in website version
/sw/mf/common/bioinfo-tools/misc/vcfaid/20170616-f0732ae
   WARNING: vcfaid_20170616-f0732ae from mftree not in website version
/sw/mf/common/bioinfo-tools/misc/samclip/0.2
   WARNING: samclip_0.2 from mftree not in website version
/sw/mf/common/bioinfo-tools/misc/T-Coffee/13.39.0.d675aed
/sw/mf/common/bioinfo-tools/phylogeny/MEGAN/4.70.4
/sw/mf/common/bioinfo-tools/phylogeny/MEGAN/5.1.5
/sw/mf/common/bioinfo-tools/phylogeny/MEGAN/5.11.3
/sw/mf/common/bioinfo-tools/phylogeny/MEGAN/.MEGAN
   WARNING: MEGAN_.MEGAN from mftree not in website version
/sw/mf/common/bioinfo-tools/phylogeny/beagle/1.0.0
   WARNING: beagle_1.0.0 from mftree not in website version
/sw/mf/common/bioinfo-tools/phylogeny/beast/1.8.1
/sw/mf/common/bioinfo-tools/phylogeny/beast/2.3.1
   WARNING: beast_2.3.1 from mftree not in website version
/sw/mf/common/bioinfo-tools/phylogeny/beast/1.7.5
/sw/mf/common/bioinfo-tools/phylogeny/beast/2.1.2
   WARNING: beast_2.1.2 from mftree not in website version
/sw/mf/common/bioinfo-tools/phylogeny/beast/.beast2
   WARNING: beast_.beast2 from mftree not in website version
/sw/mf/common/bioinfo-tools/phylogeny/concaterpillar/1.4
/sw/mf/common/bioinfo-tools/phylogeny/concaterpillar/1.8a
/sw/mf/common/bioinfo-tools/phylogeny/concaterpillar/concaterpillar.tcl
   WARNING: concaterpillar_concaterpillar.tcl from mftree not in website version
/sw/mf/common/bioinfo-tools/phylogeny/gubbins/1.4.2
/sw/mf/common/bioinfo-tools/phylogeny/iqtree/1.4.3-pomo
   WARNING: iqtree_1.4.3-pomo from mftree not in website version
/sw/mf/common/bioinfo-tools/phylogeny/mrbayes/3.1.2-mpi
/sw/mf/common/bioinfo-tools/phylogeny/mrbayes/3.2.0-mpi
   WARNING: mrbayes_3.2.0-mpi from mftree not in website version
/sw/mf/common/bioinfo-tools/phylogeny/mrbayes/3.2.1-mpi
   WARNING: mrbayes_3.2.1-mpi from mftree not in website version
/sw/mf/common/bioinfo-tools/phylogeny/mrbayes/3.2.4
/sw/mf/common/bioinfo-tools/phylogeny/mrbayes/3.2.4-gpu
   WARNING: mrbayes_3.2.4-gpu from mftree not in website version
/sw/mf/common/bioinfo-tools/phylogeny/mrbayes/3.2.4-mpi
   WARNING: mrbayes_3.2.4-mpi from mftree not in website version
/sw/mf/common/bioinfo-tools/phylogeny/mrbayes/3.2.4-mpi-gpu
   WARNING: mrbayes_3.2.4-mpi-gpu from mftree not in website version
/sw/mf/common/bioinfo-tools/phylogeny/mrbayes/.mrbayes
   WARNING: mrbayes_.mrbayes from mftree not in website version
/sw/mf/common/bioinfo-tools/phylogeny/mrbayes/3.2.0
   WARNING: mrbayes_3.2.0 from mftree not in website version
/sw/mf/common/bioinfo-tools/phylogeny/mrbayes/3.2.1
/sw/mf/common/bioinfo-tools/phylogeny/mrbayes/3.2.2
   WARNING: mrbayes_3.2.2 from mftree not in website version
/sw/mf/common/bioinfo-tools/phylogeny/mrbayes/3.2.3a
/sw/mf/common/bioinfo-tools/phylogeny/mrbayes/3.2.3a-gpu
   WARNING: mrbayes_3.2.3a-gpu from mftree not in website version
/sw/mf/common/bioinfo-tools/phylogeny/mrbayes/3.2.3a-mpi
   WARNING: mrbayes_3.2.3a-mpi from mftree not in website version
/sw/mf/common/bioinfo-tools/phylogeny/mrbayes/3.2.3a-mpi-gpu
   WARNING: mrbayes_3.2.3a-mpi-gpu from mftree not in website version
/sw/mf/common/bioinfo-tools/phylogeny/mrbayes/3.2.6-gpu
   WARNING: mrbayes_3.2.6-gpu from mftree not in website version
/sw/mf/common/bioinfo-tools/phylogeny/mrbayes/3.2.6-mpi-gpu
   WARNING: mrbayes_3.2.6-mpi-gpu from mftree not in website version
/sw/mf/common/bioinfo-tools/phylogeny/mrbayes/3.2.7a-gpu
   WARNING: mrbayes_3.2.7a-gpu from mftree not in website version
/sw/mf/common/bioinfo-tools/phylogeny/mrbayes/3.2.7a-mpi-rackham
   WARNING: mrbayes_3.2.7a-mpi-rackham from mftree not in website version
/sw/mf/common/bioinfo-tools/phylogeny/paml/4.6
/sw/mf/common/bioinfo-tools/phylogeny/raxml/7.0.4
   WARNING: raxml_7.0.4 from mftree not in website version
/sw/mf/common/bioinfo-tools/phylogeny/raxml/7.2.7
   WARNING: raxml_7.2.7 from mftree not in website version
/sw/mf/common/bioinfo-tools/phylogeny/raxml/7.2.8
   WARNING: raxml_7.2.8 from mftree not in website version
/sw/mf/common/bioinfo-tools/phylogeny/raxml/8.2.12-gcc-mpi
/sw/mf/common/bioinfo-tools/phylogeny/raxml/.raxml
   WARNING: raxml_.raxml from mftree not in website version
/sw/mf/common/bioinfo-tools/phylogeny/raxml/7.4.7
   WARNING: raxml_7.4.7 from mftree not in website version
/sw/mf/common/bioinfo-tools/phylogeny/raxml/8.0.20
   WARNING: raxml_8.0.20 from mftree not in website version
/sw/mf/common/bioinfo-tools/phylogeny/raxml/8.0.20-mpi
   WARNING: raxml_8.0.20-mpi from mftree not in website version
/sw/mf/common/bioinfo-tools/phylogeny/raxml/8.2.0-gcc
   WARNING: raxml_8.2.0-gcc from mftree not in website version
/sw/mf/common/bioinfo-tools/phylogeny/raxml/8.2.0-gcc-mpi
   WARNING: raxml_8.2.0-gcc-mpi from mftree not in website version
/sw/mf/common/bioinfo-tools/phylogeny/raxml/8.2.0-icc
   WARNING: raxml_8.2.0-icc from mftree not in website version
/sw/mf/common/bioinfo-tools/phylogeny/raxml/8.2.0-icc-mpi
   WARNING: raxml_8.2.0-icc-mpi from mftree not in website version
/sw/mf/common/bioinfo-tools/phylogeny/raxml/8.2.0_gcc
   WARNING: raxml_8.2.0_gcc from mftree not in website version
/sw/mf/common/bioinfo-tools/phylogeny/raxml/8.2.0_icc
   WARNING: raxml_8.2.0_icc from mftree not in website version
/sw/mf/common/bioinfo-tools/phylogeny/raxml/8.2.4-gcc
   WARNING: raxml_8.2.4-gcc from mftree not in website version
/sw/mf/common/bioinfo-tools/phylogeny/raxml/8.2.4-gcc-mpi
   WARNING: raxml_8.2.4-gcc-mpi from mftree not in website version
/sw/mf/common/bioinfo-tools/pipelines/Qiime/1.4.0
/sw/mf/common/bioinfo-tools/pipelines/Qiime/.qiime
   WARNING: Qiime_.qiime from mftree not in website version
/sw/mf/common/bioinfo-tools/pipelines/Qiime/1.5.0
/sw/mf/common/bioinfo-tools/pipelines/Qiime/1.6.0
/sw/mf/common/bioinfo-tools/pipelines/Qiime/1.8.0
/sw/mf/common/bioinfo-tools/pipelines/Qiime/1.9.1
