recognized toolchains: intel-compilers iccifortcuda CrayIntel gmvapich2 intelcuda fosscuda iccifort CrayCCE CrayGNU Fujitsu GCCcore gcccuda gimpic giolfc gmpich gmpolf gmvolf gompic iimpic nvofbf nvompi SYSTEM DUMMY ffmpi gimkl gimpi giolf gobff goblf gomkl gompi iibff iimkl iimpi intel iomkl iompi NVHPC pomkl pompi foss gfbf golf FCC GCC GNU PGI
./easybuild-table.pl: current directory /domus/h1/douglas/github-sync/local/install-methods/uppmax-easybuild-infrastructure/easybuild-cloned-repositories/easybuild-life-sciences/fh_easyconfigs/a
/domus/h1/douglas/github-sync/local/install-methods/uppmax-easybuild-infrastructure/tables/eb.tools.tsv will be created
/domus/h1/douglas/github-sync/local/install-methods/uppmax-easybuild-infrastructure/tables/eb.bio.tsv will be created
/domus/h1/douglas/github-sync/local/install-methods/uppmax-easybuild-infrastructure/tables/eb.lib.tsv will be created
chunk_easyconfig_filename():ALGLIB-3.17.0-GCCcore-10.2.0.eb: .eb file with neither moduleclass nor moduletype at ./easybuild-table.pl line 53.
	main::carp_and_log("chunk_easyconfig_filename():ALGLIB-3.17.0-GCCcore-10.2.0.eb: "...) called at ./easybuild-table.pl line 332
	main::chunk_easyconfig_filename("ALGLIB-3.17.0-GCCcore-10.2.0.eb", "ALGLIB") called at ./easybuild-table.pl line 383
class is empty, using name 'NONE'
/domus/h1/douglas/github-sync/local/install-methods/uppmax-easybuild-infrastructure/tables/eb.NONE.tsv will be created
/domus/h1/douglas/github-sync/local/install-methods/uppmax-easybuild-infrastructure/tables/eb.data.tsv will be created
/domus/h1/douglas/github-sync/local/install-methods/uppmax-easybuild-infrastructure/tables/eb.lang.tsv will be created
interp_equals_values():ant-1.10.1-Java-1.8.0_121.eb: %ans currently contains
$VAR1 = {
    'description'       => 'Apache Ant is a Java library and command-line tool whose mission is to drive processes described in build files as targets and extension points dependent upon each other. The main known usage of Ant is the build of Java applications.',
    'moduleclass'       => 'devel',
    'name'              => 'ant',
    'toolchain'         => '{\'name\': \'dummy\', \'version\': \'\'}',
    'toolchain_name'    => 'dummy',
    'toolchain_version' => '',
    'version'           => '1.10.1',
    'versionsuffix'     => '-Java-1.8.0_121'
};

interp_equals_values():ant-1.10.1-Java-1.8.0_121.eb: toolchain dictionary contains 'DUMMY' name but not 'DUMMY' version at ./easybuild-table.pl line 53.
	main::carp_and_log("interp_equals_values():ant-1.10.1-Java-1.8.0_121.eb: toolchai"...) called at ./easybuild-table.pl line 244
	main::interp_equals_values("ant-1.10.1-Java-1.8.0_121.eb", "name", "version", "versionsuffix", "toolchain", "description", "moduleclass", "moduletype") called at ./easybuild-table.pl line 280
	main::chunk_easyconfig_filename("ant-1.10.1-Java-1.8.0_121.eb", "ant") called at ./easybuild-table.pl line 383
Use of uninitialized value $toolchain_name in hash element at ./easybuild-table.pl line 320.
Use of uninitialized value $toolchain_version in hash element at ./easybuild-table.pl line 320.
Use of uninitialized value $toolchain_name in hash element at ./easybuild-table.pl line 321.
Use of uninitialized value $toolchain_version in hash element at ./easybuild-table.pl line 321.
problem matching version toolchain_{name,version} and/or versionsuffix at ./easybuild-table.pl line 322.
	main::chunk_easyconfig_filename("ant-1.10.1-Java-1.8.0_121.eb", "ant") called at ./easybuild-table.pl line 383
